<?xml version="1.0" encoding="UTF-8" ?>
<testsuite failures="0" time="2.646" errors="0" skipped="0" tests="18" name="com.example.page.object.cucumber.AppTest">
  <properties>
[...]
</properties>
  <testcase time="0.003" classname="| https://www.google.com.ar/ | firefox | samsung note 4 |  | title |" name="Given I open in &quot;firefox&quot; and set the emulation to device &quot;&quot;"/>
  <testcase time="0" classname="| https://www.google.com.ar/ | firefox | samsung note 4 |  | title |" name="And I access to this &quot;https://www.google.com.ar/&quot;"/>
  <testcase time="0" classname="| https://www.google.com.ar/ | firefox | samsung note 4 |  | title |" name="When I type &quot;samsung note 4&quot; in the search field"/>
  <testcase time="0" classname="| https://www.google.com.ar/ | firefox | samsung note 4 |  | title |" name="And I click the search button"/>
  <testcase time="0" classname="| https://www.google.com.ar/ | firefox | samsung note 4 |  | title |" name="Then I need check &quot;title&quot;"/>
  <testcase time="0.253" classname="| https://www.google.com.ar/ | firefox | samsung note 4 |  | title |" name="| https://www.google.com.ar/ | firefox | samsung note 4 |  | title |"/>
  <testcase time="0" classname="| https://www.google.com.ar/ | chrome | samsung note 4 |  | url |" name="Given I open in &quot;chrome&quot; and set the emulation to device &quot;&quot;"/>
  <testcase time="0" classname="| https://www.google.com.ar/ | chrome | samsung note 4 |  | url |" name="And I access to this &quot;https://www.google.com.ar/&quot;"/>
  <testcase time="0" classname="| https://www.google.com.ar/ | chrome | samsung note 4 |  | url |" name="When I type &quot;samsung note 4&quot; in the search field"/>
  <testcase time="0" classname="| https://www.google.com.ar/ | chrome | samsung note 4 |  | url |" name="And I click the search button"/>
  <testcase time="0" classname="| https://www.google.com.ar/ | chrome | samsung note 4 |  | url |" name="Then I need check &quot;url&quot;"/>
  <testcase time="1.2" classname="| https://www.google.com.ar/ | chrome | samsung note 4 |  | url |" name="| https://www.google.com.ar/ | chrome | samsung note 4 |  | url |"/>
  <testcase time="0" classname="| https://www.google.com.ar/ | chrome | samsung note 4 |  | description |" name="Given I open in &quot;chrome&quot; and set the emulation to device &quot;&quot;"/>
  <testcase time="0.001" classname="| https://www.google.com.ar/ | chrome | samsung note 4 |  | description |" name="And I access to this &quot;https://www.google.com.ar/&quot;"/>
  <testcase time="0" classname="| https://www.google.com.ar/ | chrome | samsung note 4 |  | description |" name="When I type &quot;samsung note 4&quot; in the search field"/>
  <testcase time="0" classname="| https://www.google.com.ar/ | chrome | samsung note 4 |  | description |" name="And I click the search button"/>
  <testcase time="0" classname="| https://www.google.com.ar/ | chrome | samsung note 4 |  | description |" name="Then I need check &quot;description&quot;"/>
  <testcase time="1.189" classname="| https://www.google.com.ar/ | chrome | samsung note 4 |  | description |" name="| https://www.google.com.ar/ | chrome | samsung note 4 |  | description |"/>
</testsuite>